<?xml version="1.0" encoding="UTF-8"?>
<!-- Generated by org.testng.reporters.JUnitReportReporter -->
<testsuite hostname="J48B693" failures="0" tests="1" name="RestAPI.RestAPI.RESTPost" time="2.693" errors="0" timestamp="2021-07-23T23:38:50 IST" skipped="0">
  <testcase classname="RestAPI.RestAPI.RESTPost" name="putRequest" time="2.693"/>
  <system-out/>
</testsuite> <!-- RestAPI.RestAPI.RESTPost -->
