<?xml version="1.0" encoding="UTF-8"?>
<!-- Generated by org.testng.reporters.JUnitReportReporter -->
<testsuite hostname="SSANDPC1ATKW9" failures="0" tests="2" name="RestAPI.RestAPI.FirstRestAss" time="2.787" errors="0" timestamp="2021-07-08T18:23:25 IST" skipped="1">
  <testcase classname="RestAPI.RestAPI.FirstRestAss" name="validateResponse" time="2.787"/>
  <system-out/>
  <testcase classname="RestAPI.RestAPI.FirstRestAss" name="getResponseBody">
    <skipped/>
  </testcase> <!-- getResponseBody -->
  <system-out/>
</testsuite> <!-- RestAPI.RestAPI.FirstRestAss -->
