<?xml version="1.0" encoding="UTF-8"?>
<!-- Generated by org.testng.reporters.JUnitReportReporter -->
<testsuite hostname="J48B693" failures="0" tests="1" name="RestAPI.RestAPI.TryDuplicate" time="0.008" errors="0" timestamp="2021-08-03T12:28:24 IST" skipped="0">
  <testcase classname="RestAPI.RestAPI.TryDuplicate" name="test1" time="0.008"/>
  <system-out/>
</testsuite> <!-- RestAPI.RestAPI.TryDuplicate -->
