<?xml version="1.0" encoding="UTF-8"?>
<!-- Generated by org.testng.reporters.JUnitReportReporter -->
<testsuite hostname="J48B693" failures="0" tests="1" name="RestAPI.RestAPI.ReadJson" time="0.012" errors="0" timestamp="2021-08-02T15:33:25 IST" skipped="0">
  <testcase classname="RestAPI.RestAPI.ReadJson" name="test" time="0.012"/>
  <system-out/>
</testsuite> <!-- RestAPI.RestAPI.ReadJson -->
